Traceback (most recent call last):
  File "/Users/dsmith4/anaconda3/lib/python3.10/site-packages/jupyter_cache/executors/utils.py", line 58, in single_nb_execution
    executenb(
  File "/Users/dsmith4/anaconda3/lib/python3.10/site-packages/nbclient/client.py", line 1204, in execute
    return NotebookClient(nb=nb, resources=resources, km=km, **kwargs).execute()
  File "/Users/dsmith4/anaconda3/lib/python3.10/site-packages/nbclient/util.py", line 84, in wrapped
    return just_run(coro(*args, **kwargs))
  File "/Users/dsmith4/anaconda3/lib/python3.10/site-packages/nbclient/util.py", line 62, in just_run
    return loop.run_until_complete(coro)
  File "/Users/dsmith4/anaconda3/lib/python3.10/asyncio/base_events.py", line 649, in run_until_complete
    return future.result()
  File "/Users/dsmith4/anaconda3/lib/python3.10/site-packages/nbclient/client.py", line 663, in async_execute
    await self.async_execute_cell(
  File "/Users/dsmith4/anaconda3/lib/python3.10/site-packages/nbclient/client.py", line 965, in async_execute_cell
    await self._check_raise_for_error(cell, cell_index, exec_reply)
  File "/Users/dsmith4/anaconda3/lib/python3.10/site-packages/nbclient/client.py", line 862, in _check_raise_for_error
    raise CellExecutionError.from_cell_and_msg(cell, exec_reply_content)
nbclient.exceptions.CellExecutionError: An error occurred while executing the following cell:
------------------
# ST plot of object passing observer
def lm(b,ct,x):
    g = 1/np.sqrt(1-b**2)
    ctp = g*(ct-b*x)
    xp = g*(x-b*ct)
    return(ctp,xp)

# ST plot of ladder going through garage
beta = .866
gam = 1/np.sqrt(1-beta**2)

xfgar = np.zeros(4)+0.3
yfgar = np.arange(4)*8.0/4.0
(yfgar,xfgar) = lm(beta,yfgar,xfgar)

xbgar = np.zeros(4)+2.3
ybgar = np.arange(4)*8.0/4.0
(ybgar,xbgar) = lm(beta,ybgar,xbgar)

xflad = np.arange(0,4,.5)
yflad = xflad/beta
(yflad,xflad) = lm(beta,yflad,xflad)
xblad = np.arange(-2,4,.5)
yblad = xblad/beta+gam/beta
(yblad,xblad) = lm(beta,yblad,xfbad)

plt.figure(figsize=(3.5,6))
plt.arrow(0,0,1,0,head_width=0.1)
plt.arrow(0,0,0,1,head_width=0.1)

plt.arrow(-0.5,-0.5,1,0,head_width=0.1)
plt.arrow(-0.5,-0.5,0,1,head_width=0.1)

plt.arrow(0.2,-0.25,0.75,0,head_width=0.05)

plt.plot(xflad,yflad,'r-')
plt.plot(xblad,yblad,'c-')
plt.plot(xfgar,yfgar,'g-')
plt.plot(xbgar,ybgar,'b-')

ax = plt.gca()
ax.get_xaxis().set_visible(False)
ax.get_yaxis().set_visible(False)
plt.axis([-10,3.5,-1,6])
ax.text(0.1, 1, "S")
ax.text(-0.05, 1.2, "ct")
ax.text(1.2, 0, "x")
ax.text(1.1, -0.25, "v_R")
ax.text(-0.35, .5, "S'")
ax.text(-.55, .7, "ct'")
ax.text(.7, -0.5, "x'")
plt.show()
------------------

[0;31m---------------------------------------------------------------------------[0m
[0;31mNameError[0m                                 Traceback (most recent call last)
Cell [0;32mIn[7], line 25[0m
[1;32m     23[0m xblad [38;5;241m=[39m np[38;5;241m.[39marange([38;5;241m-[39m[38;5;241m2[39m,[38;5;241m4[39m,[38;5;241m.5[39m)
[1;32m     24[0m yblad [38;5;241m=[39m xblad[38;5;241m/[39mbeta[38;5;241m+[39mgam[38;5;241m/[39mbeta
[0;32m---> 25[0m (yblad,xblad) [38;5;241m=[39m lm(beta,yblad,[43mxfbad[49m)
[1;32m     27[0m plt[38;5;241m.[39mfigure(figsize[38;5;241m=[39m([38;5;241m3.5[39m,[38;5;241m6[39m))
[1;32m     28[0m plt[38;5;241m.[39marrow([38;5;241m0[39m,[38;5;241m0[39m,[38;5;241m1[39m,[38;5;241m0[39m,head_width[38;5;241m=[39m[38;5;241m0.1[39m)

[0;31mNameError[0m: name 'xfbad' is not defined
NameError: name 'xfbad' is not defined

