Traceback (most recent call last):
  File "/Users/dsmith4/anaconda3/lib/python3.10/site-packages/jupyter_cache/executors/utils.py", line 58, in single_nb_execution
    executenb(
  File "/Users/dsmith4/anaconda3/lib/python3.10/site-packages/nbclient/client.py", line 1204, in execute
    return NotebookClient(nb=nb, resources=resources, km=km, **kwargs).execute()
  File "/Users/dsmith4/anaconda3/lib/python3.10/site-packages/nbclient/util.py", line 84, in wrapped
    return just_run(coro(*args, **kwargs))
  File "/Users/dsmith4/anaconda3/lib/python3.10/site-packages/nbclient/util.py", line 62, in just_run
    return loop.run_until_complete(coro)
  File "/Users/dsmith4/anaconda3/lib/python3.10/asyncio/base_events.py", line 649, in run_until_complete
    return future.result()
  File "/Users/dsmith4/anaconda3/lib/python3.10/site-packages/nbclient/client.py", line 663, in async_execute
    await self.async_execute_cell(
  File "/Users/dsmith4/anaconda3/lib/python3.10/site-packages/nbclient/client.py", line 965, in async_execute_cell
    await self._check_raise_for_error(cell, cell_index, exec_reply)
  File "/Users/dsmith4/anaconda3/lib/python3.10/site-packages/nbclient/client.py", line 862, in _check_raise_for_error
    raise CellExecutionError.from_cell_and_msg(cell, exec_reply_content)
nbclient.exceptions.CellExecutionError: An error occurred while executing the following cell:
------------------
x = np.array([0.00727916669899,0.291343510515,1.00907060776,1.72012215409])
y = np.array([0.000143505126673,0.000682172607672,0.00198582395962,0.00341847052919])+0.057

tol = 0.01
diff = tol+1
newb = 0

sigmax = np.ones(np.shape(x))
sigmay = np.ones(np.shape(y))

while (diff>tol):
    sigma2 = [np.sqrt(q**2+(newb*r)**2) for q,r in zip(sigmay,sigmax)]
    oldb = newb
    alpha = np.sum([a/b**2 for a, b in zip(y, sigma2)])
    beta = np.sum([1/b**2 for b in sigma2])
    g1 = [a/b**2 for a, b in zip(x, sigma2)]
    gamma = np.sum(g1)
    delta = np.sum([a*b for a, b in zip(g1, y)])
    epsilon = np.sum([a**2/b**2 for a, b in zip(x, sigma2)])

    xi = gamma**2-beta*epsilon
    newb = (gamma*alpha-beta*delta)/xi
    diff = np.abs(newb-oldb)

b = newb
a = (gamma*delta-epsilon*alpha)/xi    
sb = np.sqrt(-beta/xi)
sa = np.sqrt(-epsilon/xi)
x_new = np.arange(x[0],x[-1],5)
y_new = b*x_new+a

plt.figure(figsize=(8,8))
plt.plot(x,y,'bs',label="Original Data")
plt.plot(x_new,y_new,"k:",label="Linear Fit")
plt.xlabel(r"1-$\cos{\theta}$")
plt.ylabel("1/E scattered (1/keV)")
plt.title("Testing Compton Scattering Hypothesis")
plt.legend()
plt.show()

slp = b
icpt = a
E0=1/slp
Eg = 1/icpt
eslp = 3.51e-5
eicpt = 3.51e-5
eE0 = eslp*E0**2
eEg = eicpt*Eg**2
print("The best-fit slope is ({0:3.2f} +- {1:3.2f})x10^-3 1/keV".format(slp*1000,eslp*1000))
print("The best-fit y-intercept is ({0:4.3f} +- {1:4.3f})x10^-2 1/keV".format(b*100,eb*100))
print("The estimate of E0 is ({0:3.0f} +- {1:2.0f}) keV".format(E0,eE0))
print("The estimate of Egam is ({0:4.2f} +- {1:3.2f}) keV".format(Eg,eEg))

------------------

[0;31m---------------------------------------------------------------------------[0m
[0;31mNameError[0m                                 Traceback (most recent call last)
Cell [0;32mIn[5], line 50[0m
[1;32m     48[0m eEg [38;5;241m=[39m eicpt[38;5;241m*[39mEg[38;5;241m*[39m[38;5;241m*[39m[38;5;241m2[39m
[1;32m     49[0m [38;5;28mprint[39m([38;5;124m"[39m[38;5;124mThe best-fit slope is ([39m[38;5;132;01m{0:3.2f}[39;00m[38;5;124m +- [39m[38;5;132;01m{1:3.2f}[39;00m[38;5;124m)x10^-3 1/keV[39m[38;5;124m"[39m[38;5;241m.[39mformat(slp[38;5;241m*[39m[38;5;241m1000[39m,eslp[38;5;241m*[39m[38;5;241m1000[39m))
[0;32m---> 50[0m [38;5;28mprint[39m([38;5;124m"[39m[38;5;124mThe best-fit y-intercept is ([39m[38;5;132;01m{0:4.3f}[39;00m[38;5;124m +- [39m[38;5;132;01m{1:4.3f}[39;00m[38;5;124m)x10^-2 1/keV[39m[38;5;124m"[39m[38;5;241m.[39mformat(b[38;5;241m*[39m[38;5;241m100[39m,[43meb[49m[38;5;241m*[39m[38;5;241m100[39m))
[1;32m     51[0m [38;5;28mprint[39m([38;5;124m"[39m[38;5;124mThe estimate of E0 is ([39m[38;5;132;01m{0:3.0f}[39;00m[38;5;124m +- [39m[38;5;132;01m{1:2.0f}[39;00m[38;5;124m) keV[39m[38;5;124m"[39m[38;5;241m.[39mformat(E0,eE0))
[1;32m     52[0m [38;5;28mprint[39m([38;5;124m"[39m[38;5;124mThe estimate of Egam is ([39m[38;5;132;01m{0:4.2f}[39;00m[38;5;124m +- [39m[38;5;132;01m{1:3.2f}[39;00m[38;5;124m) keV[39m[38;5;124m"[39m[38;5;241m.[39mformat(Eg,eEg))

[0;31mNameError[0m: name 'eb' is not defined
NameError: name 'eb' is not defined

